<?xml version="1.0" encoding="UTF-8"?>
<testng-results skipped="0" failed="0" total="1" passed="1">
  <reporter-output>
  </reporter-output>
  <suite name="Default suite" duration-ms="24" started-at="2016-06-17T06:56:37Z" finished-at="2016-06-17T06:56:37Z">
    <groups>
    </groups>
    <test name="Default test" duration-ms="24" started-at="2016-06-17T06:56:37Z" finished-at="2016-06-17T06:56:37Z">
      <class name="com.test.demo.StudyGroupTest">
        <test-method status="PASS" signature="testStudyGroupClass()[pri:0, instance:com.test.demo.StudyGroupTest@49271218]" name="testStudyGroupClass" duration-ms="11" started-at="2016-06-17T12:26:37Z" finished-at="2016-06-17T12:26:37Z">
          <reporter-output>
          </reporter-output>
        </test-method> <!-- testStudyGroupClass -->
      </class> <!-- com.test.demo.StudyGroupTest -->
    </test> <!-- Default test -->
  </suite> <!-- Default suite -->
</testng-results>
