<?xml version="1.0" encoding="UTF-8"?>
<testng-results skipped="0" failed="0" total="1" passed="1">
  <reporter-output>
  </reporter-output>
  <suite name="com.test.demo.StudyGroupTest" duration-ms="30" started-at="2016-06-09T12:10:21Z" finished-at="2016-06-09T12:10:21Z">
    <groups>
    </groups>
    <test name="Command line test" duration-ms="30" started-at="2016-06-09T12:10:21Z" finished-at="2016-06-09T12:10:21Z">
      <class name="com.test.demo.StudyGroupTest">
        <test-method status="PASS" signature="testStudyGroupClass()[pri:0, instance:com.test.demo.StudyGroupTest@3e83c18]" name="testStudyGroupClass" duration-ms="15" started-at="2016-06-09T17:40:21Z" finished-at="2016-06-09T17:40:21Z">
          <reporter-output>
          </reporter-output>
        </test-method> <!-- testStudyGroupClass -->
      </class> <!-- com.test.demo.StudyGroupTest -->
    </test> <!-- Command line test -->
  </suite> <!-- com.test.demo.StudyGroupTest -->
</testng-results>
